<?xml version="1.0" encoding="UTF-8"?>
<!-- Generated by org.testng.reporters.JUnitReportReporter -->
<testsuite hostname="vijji" failures="0" tests="1" name="com.rameshsoft.auto.scripts.GmailTest" time="4.164" errors="0" timestamp="31 Dec 2019 06:26:33 GMT" skipped="0">
  <testcase classname="com.rameshsoft.auto.scripts.GmailTest" name="FbTest" time="4.164"/>
</testsuite> <!-- com.rameshsoft.auto.scripts.GmailTest -->
