<?xml version="1.0" encoding="UTF-8"?>
<!-- Generated by org.testng.reporters.JUnitReportReporter -->
<testsuite skipped="0" hostname="vijji" name="com.rameshsoft.auto.scripts.GmailTest" tests="1" failures="0" timestamp="16 Aug 2020 15:47:31 GMT" time="6.977" errors="0">
  <testcase name="Testcase1" time="6.977" classname="com.rameshsoft.auto.scripts.GmailTest"/>
</testsuite> <!-- com.rameshsoft.auto.scripts.GmailTest -->
